
Showing logs for build [32mcarlossg-croc-hunter-java-pr-28-1[0m stage [32mfrom-build-pack[0m and container [32mstep-credential-initializer-vwv8v[0m
{"level":"warn","ts":1572962831.4109576,"logger":"fallback-logger","caller":"logging/config.go:69","msg":"Fetch GitHub commit ID from kodata failed: \"ref: refs/heads/master\" is not a valid GitHub commit ID"}
{"level":"info","ts":1572962831.4118087,"logger":"fallback-logger","caller":"creds-init/main.go:40","msg":"Credentials initialized."}

Showing logs for build [32mcarlossg-croc-hunter-java-pr-28-1[0m stage [32mfrom-build-pack[0m and container [32mstep-working-dir-initializer-2rfcd[0m
{"level":"warn","ts":1572962832.3959913,"logger":"fallback-logger","caller":"logging/config.go:69","msg":"Fetch GitHub commit ID from kodata failed: open /var/run/ko/HEAD: no such file or directory"}
{"level":"info","ts":1572962832.4030695,"logger":"fallback-logger","caller":"bash/main.go:65","msg":"Successfully executed command \"mkdir -p /workspace/source\""}

Showing logs for build [32mcarlossg-croc-hunter-java-pr-28-1[0m stage [32mfrom-build-pack[0m and container [32mstep-place-tools[0m

Showing logs for build [32mcarlossg-croc-hunter-java-pr-28-1[0m stage [32mfrom-build-pack[0m and container [32mstep-git-source-carlossg-croc-hunter-java-pr-28-qvt9d[0m
{"level":"warn","ts":1572962839.4136431,"logger":"fallback-logger","caller":"logging/config.go:69","msg":"Fetch GitHub commit ID from kodata failed: \"ref: refs/heads/master\" is not a valid GitHub commit ID"}
{"level":"info","ts":1572962839.7692115,"logger":"fallback-logger","caller":"git/git.go:102","msg":"Successfully cloned https://github.com/********/croc-hunter-java.git @ master in path /workspace/source"}

Showing logs for build [32mcarlossg-croc-hunter-java-pr-28-1[0m stage [32mfrom-build-pack[0m and container [32mstep-git-merge[0m
Using SHAs from PULL_REFS=master:3c3a4eeb36c5f7a1f0a1f2acf2289f97d6e0ea9f,28:b1df043c5cb0b02e8f4e1bdb8a5bb0cce68b3498
DEBUG: ran git fetch --unshallow origin b1df043c5cb0b02e8f4e1bdb8a5bb0cce68b3498: 3c3a4eeb36c5f7a1f0a1f2acf2289f97d6e0ea9f: in 
DEBUG: ran git checkout master in 
DEBUG: ran git reset --hard 3c3a4eeb36c5f7a1f0a1f2acf2289f97d6e0ea9f in 
DEBUG: ran clean --force -d . in 
DEBUG: ran git merge b1df043c5cb0b02e8f4e1bdb8a5bb0cce68b3498 in 
Merged SHA b1df043c5cb0b02e8f4e1bdb8a5bb0cce68b3498 with commit message 'No lasers' into base branch master

Showing logs for build [32mcarlossg-croc-hunter-java-pr-28-1[0m stage [32mfrom-build-pack[0m and container [32mstep-build-set-version[0m
Picked up _JAVA_OPTIONS: -XX:+UnlockExperimentalVMOptions -Dsun.zip.disableMemoryMapping=true -XX:+UseParallelGC -XX:MinHeapFreeRatio=5 -XX:MaxHeapFreeRatio=10 -XX:GCTimeRatio=4 -XX:AdaptiveSizePolicyWeight=90 -Xms10m -Xmx1800m
[INFO] Scanning for projects...
[INFO] 
[INFO] --------------< org.csanchez.crochunter:croc-hunter-java >--------------
[INFO] Building croc-hunter-java 0.0.1-SNAPSHOT
[INFO] --------------------------------[ jar ]---------------------------------
[INFO] 
[INFO] --- versions-maven-plugin:2.7:set (default-cli) @ croc-hunter-java ---
[INFO] Searching for local aggregator root...
[INFO] Local aggregation root: /workspace/source
[INFO] Processing change of org.csanchez.crochunter:croc-hunter-java:0.0.1-SNAPSHOT -> 0.0.0-SNAPSHOT-PR-28-1
[INFO] Processing org.csanchez.crochunter:croc-hunter-java
[INFO]     Updating project org.csanchez.crochunter:croc-hunter-java
[INFO]         from version 0.0.1-SNAPSHOT to 0.0.0-SNAPSHOT-PR-28-1
[INFO] 
[INFO] ------------------------------------------------------------------------
[INFO] BUILD SUCCESS
[INFO] ------------------------------------------------------------------------
[INFO] Total time: 10.552 s
[INFO] Finished at: 2019-11-05T14:07:34Z
[INFO] ------------------------------------------------------------------------
[0m[0m

Showing logs for build [32mcarlossg-croc-hunter-java-pr-28-1[0m stage [32mfrom-build-pack[0m and container [32mstep-build-mvn-install[0m
Picked up _JAVA_OPTIONS: -XX:+UnlockExperimentalVMOptions -Dsun.zip.disableMemoryMapping=true -XX:+UseParallelGC -XX:MinHeapFreeRatio=5 -XX:MaxHeapFreeRatio=10 -XX:GCTimeRatio=4 -XX:AdaptiveSizePolicyWeight=90 -Xms10m -Xmx1800m
[INFO] Scanning for projects...
[INFO] 
[INFO] --------------< org.csanchez.crochunter:croc-hunter-java >--------------
[INFO] Building croc-hunter-java 0.0.0-SNAPSHOT-PR-28-1
[INFO] --------------------------------[ jar ]---------------------------------
[INFO] 
[INFO] --- buildnumber-maven-plugin:1.4:create (default) @ croc-hunter-java ---
[INFO] Executing: /bin/sh -c cd '/workspace/source' && 'git' 'rev-parse' '--verify' 'HEAD'
[INFO] Working directory: /workspace/source
[INFO] Storing buildNumber: b1df043c5cb0b02e8f4e1bdb8a5bb0cce68b3498 at timestamp: 1572962870449
[INFO] Storing buildScmBranch: master
[INFO] 
[INFO] --- maven-resources-plugin:2.6:resources (default-resources) @ croc-hunter-java ---
[INFO] Using 'UTF-8' encoding to copy filtered resources.
[INFO] Copying 1 resource
[INFO] Copying 9 resources
[INFO] 
[INFO] --- maven-compiler-plugin:3.1:compile (default-compile) @ croc-hunter-java ---
[INFO] Changes detected - recompiling the module!
[INFO] Compiling 1 source file to /workspace/source/target/classes
[INFO] 
[INFO] --- maven-resources-plugin:2.6:testResources (default-testResources) @ croc-hunter-java ---
[INFO] Using 'UTF-8' encoding to copy filtered resources.
[INFO] skip non existing resourceDirectory /workspace/source/src/test/resources
[INFO] 
[INFO] --- maven-compiler-plugin:3.1:testCompile (default-testCompile) @ croc-hunter-java ---
[INFO] Changes detected - recompiling the module!
[INFO] Compiling 1 source file to /workspace/source/target/test-classes
[INFO] 
[INFO] --- maven-surefire-plugin:2.22.1:test (default-test) @ croc-hunter-java ---
[INFO] 
[INFO] -------------------------------------------------------
[INFO]  T E S T S
[INFO] -------------------------------------------------------
[INFO] Running org.csanchez.crochunterjava.CrocHunterJavaApplicationTests
2019-11-05 14:08:04,378 INFO  [io.qua.dep.QuarkusAugmentor] (main) Beginning quarkus augmentation
2019-11-05 14:08:06,729 INFO  [io.qua.dep.QuarkusAugmentor] (main) Quarkus augmentation completed in 2351ms
2019-11-05 14:08:07,614 INFO  [io.quarkus] (main) Quarkus 0.15.0 started in 0.844s. Listening on: http://0.0.0.0:8081
2019-11-05 14:08:07,615 INFO  [io.quarkus] (main) Installed features: [cdi, resteasy, resteasy-jsonb]
Region: us-east1-c
[INFO] Tests run: 2, Failures: 0, Errors: 0, Skipped: 0, Time elapsed: 13.469 s - in org.csanchez.crochunterjava.CrocHunterJavaApplicationTests
2019-11-05 14:08:11,607 INFO  [io.quarkus] (main) Quarkus stopped in 0.022s
[INFO] 
[INFO] Results:
[INFO] 
[INFO] Tests run: 2, Failures: 0, Errors: 0, Skipped: 0
[INFO] 
[INFO] 
[INFO] --- maven-jar-plugin:2.4:jar (default-jar) @ croc-hunter-java ---
[INFO] Building jar: /workspace/source/target/croc-hunter-java-0.0.0-SNAPSHOT-PR-28-1.jar
[INFO] 
[INFO] --- quarkus-maven-plugin:0.15.0:build (default) @ croc-hunter-java ---
[INFO] [io.quarkus.deployment.QuarkusAugmentor] Beginning quarkus augmentation
[INFO] [org.jboss.threads] JBoss Threads version 3.0.0.Beta3
[INFO] [io.quarkus.deployment.QuarkusAugmentor] Quarkus augmentation completed in 2690ms
[INFO] [io.quarkus.creator.phase.runnerjar.RunnerJarPhase] Building jar: /workspace/source/target/croc-hunter-java-0.0.0-SNAPSHOT-PR-28-1-runner.jar
[INFO] 
[INFO] --- maven-install-plugin:2.4:install (default-install) @ croc-hunter-java ---
[INFO] Installing /workspace/source/target/croc-hunter-java-0.0.0-SNAPSHOT-PR-28-1.jar to /root/.mvnrepository/org/csanchez/crochunter/croc-hunter-java/0.0.0-SNAPSHOT-PR-28-1/croc-hunter-java-0.0.0-SNAPSHOT-PR-28-1.jar
[INFO] Installing /workspace/source/pom.xml to /root/.mvnrepository/org/csanchez/crochunter/croc-hunter-java/0.0.0-SNAPSHOT-PR-28-1/croc-hunter-java-0.0.0-SNAPSHOT-PR-28-1.pom
[INFO] ------------------------------------------------------------------------
[INFO] BUILD SUCCESS
[INFO] ------------------------------------------------------------------------
[INFO] Total time: 40.970 s
[INFO] Finished at: 2019-11-05T14:08:18Z
[INFO] ------------------------------------------------------------------------

Showing logs for build [32mcarlossg-croc-hunter-java-pr-28-1[0m stage [32mfrom-build-pack[0m and container [32mstep-build-skaffold-version[0m
v0.31.0

Showing logs for build [32mcarlossg-croc-hunter-java-pr-28-1[0m stage [32mfrom-build-pack[0m and container [32mstep-build-container-build[0m
[36mINFO[0m[0000] Downloading base image openjdk:11-jdk-slim   
ERROR: logging before flag.Parse: E1105 14:08:18.825943       9 metadata.go:142] while reading 'google-dockercfg' metadata: http status code: 404 while fetching url http://metadata.google.internal./computeMetadata/v1/instance/attributes/google-dockercfg
ERROR: logging before flag.Parse: E1105 14:08:18.833061       9 metadata.go:159] while reading 'google-dockercfg-url' metadata: http status code: 404 while fetching url http://metadata.google.internal./computeMetadata/v1/instance/attributes/google-dockercfg-url
2019/11/05 14:08:18 No matching credentials were found, falling back on anonymous
[36mINFO[0m[0000] Error while retrieving image from cache: getting file info: stat /workspace/sha256:fb54ed3516242995d86c53346463a3509f9baf74a9178c066bdbcc5c1bdafc66: no such file or directory 
[36mINFO[0m[0000] Downloading base image openjdk:11-jdk-slim   
2019/11/05 14:08:19 No matching credentials were found, falling back on anonymous
[36mINFO[0m[0000] cmd: EXPOSE                                  
[36mINFO[0m[0000] Adding exposed port: 8080/tcp                
[36mINFO[0m[0000] Using files from context: [/workspace/source/pom.xml /workspace/source/target/lib] 
[36mINFO[0m[0000] Using files from context: [/workspace/source/target/croc-hunter-java-0.0.0-SNAPSHOT-PR-28-1-runner.jar] 
[36mINFO[0m[0000] Skipping unpacking as no commands require it. 
[36mINFO[0m[0000] Taking snapshot of full filesystem...        
[36mINFO[0m[0000] ENV PORT 8080                                
[36mINFO[0m[0000] No files changed in this command, skipping snapshotting. 
[36mINFO[0m[0000] ENV CLASSPATH /opt/lib                       
[36mINFO[0m[0000] No files changed in this command, skipping snapshotting. 
[36mINFO[0m[0000] EXPOSE 8080                                  
[36mINFO[0m[0000] cmd: EXPOSE                                  
[36mINFO[0m[0000] Adding exposed port: 8080/tcp                
[36mINFO[0m[0000] No files changed in this command, skipping snapshotting. 
[36mINFO[0m[0000] Using files from context: [/workspace/source/pom.xml /workspace/source/target/lib] 
[36mINFO[0m[0000] COPY pom.xml target/lib* /opt/lib/           
[36mINFO[0m[0000] Taking snapshot of files...                  
[36mINFO[0m[0001] Using files from context: [/workspace/source/target/croc-hunter-java-0.0.0-SNAPSHOT-PR-28-1-runner.jar] 
[36mINFO[0m[0001] COPY target/*-runner.jar /opt/app.jar        
[36mINFO[0m[0001] Taking snapshot of files...                  
[36mINFO[0m[0001] WORKDIR /opt                                 
[36mINFO[0m[0001] cmd: workdir                                 
[36mINFO[0m[0001] Changed working directory to /opt            
[36mINFO[0m[0001] No files changed in this command, skipping snapshotting. 
[36mINFO[0m[0001] CMD ["java", "-jar", "app.jar"]              
[36mINFO[0m[0001] No files changed in this command, skipping snapshotting. 
2019/11/05 14:08:20 existing blob: sha256:8d691f585fa8cec0eba196be460cfaffd69939782d6162986c3e0c5225d54f02
2019/11/05 14:08:20 existing blob: sha256:ebc78a5f677c03a8f4aa611b558b55c4e42cf3113517ec2400695512c176d5ea
2019/11/05 14:08:20 existing blob: sha256:3da6fe7ff2ef0f58119eb2e8cb12c5c0b471527be95d43274b396f36fc5bbccd
2019/11/05 14:08:20 existing blob: sha256:e22147996cc08e68d0fa4d4ef9a441eaeef283ff4a2c64d1ef5e31340db246be
2019/11/05 14:08:22 pushed blob: sha256:ca9e9e7c653b39f457a20ff36e26775e3c39e3dcae9bc811ecbcfc24458fcf9e
2019/11/05 14:08:22 pushed blob: sha256:a1a859e1375c336d24d83bc098355ec28f56174941a84170e7d917c92bf005f7
2019/11/05 14:08:22 pushed blob: sha256:af60eb121c310d4e954e54fef400c8e41e88112438dc7041fb18e677332ba992
2019/11/05 14:08:23 gcr.io/api-project-642841493686/croc-hunter-java:0.0.0-SNAPSHOT-PR-28-1: digest: sha256:1eb8ee3bb421fb7790dc9ab98f25aabf3e589e9894ae6fe45559c53e33f317d1 size: 1246

Showing logs for build [32mcarlossg-croc-hunter-java-pr-28-1[0m stage [32mfrom-build-pack[0m and container [32mstep-postbuild-post-build[0m
no CVE provider running in the current ** namespace so skip adding image to be analysed

Showing logs for build [32mcarlossg-croc-hunter-java-pr-28-1[0m stage [32mfrom-build-pack[0m and container [32mstep-promote-make-preview[0m
sed -i -e "s/version:.*/version: 0.0.0-SNAPSHOT-PR-28-1/" Chart.yaml
sed -i -e "s/version:.*/version: 0.0.0-SNAPSHOT-PR-28-1/" ../*/Chart.yaml
sed -i -e "s|repository:.*|repository: gcr.io\/api-project-642841493686\/croc-hunter-java|" values.yaml
sed -i -e "s/tag:.*/tag: 0.0.0-SNAPSHOT-PR-28-1/" values.yaml
echo "  version: 0.0.0-SNAPSHOT-PR-28-1" >> requirements.yaml
** step helm build
WARNING: No $CHART_REPOSITORY defined so using the default value of: http://jenkins-x-chartmuseum:8080
Adding missing Helm repo: storage.googleapis.com https://storage.googleapis.com/chartmuseum.jenkins-x.io
Successfully added Helm repository storage.googleapis.com.
Adding missing Helm repo: jenkins-x-chartmuseum http://jenkins-x-chartmuseum:8080
Successfully added Helm repository jenkins-x-chartmuseum.
WARNING: No $CHART_REPOSITORY defined so using the default value of: http://jenkins-x-chartmuseum:8080
Adding missing Helm repo: chartmuseum.jenkins-x.io http://chartmuseum.jenkins-x.io
Successfully added Helm repository chartmuseum.jenkins-x.io.

Showing logs for build [32mcarlossg-croc-hunter-java-pr-28-1[0m stage [32mfrom-build-pack[0m and container [32mstep-promote-jx-preview[0m
Creating a preview
Commit author email is empty for: b1df043c5cb0b02e8f4e1bdb8a5bb0cce68b3498
Looking for commits in: /workspace/source/
Found commit author match for: ******** with email address: carlos@apache.org
Created environment ********-croc-hunter-java-pr-28
Namespace **-********-croc-hunter-java-pr-28 created 
expose:
  Annotations:
    helm.sh/hook: post-install,post-upgrade
    helm.sh/hook-delete-policy: hook-succeeded
  config:
    domain: us.g.csanchez.org
    exposer: Ingress
    http: "true"
preview:
  image:
    repository: gcr.io/api-project-642841493686/croc-hunter-java
    tag: 0.0.0-SNAPSHOT-PR-28-1
Deleting and cloning the Jenkins X versions repo
Cloning the Jenkins X versions repo https://github.com/jenkins-x/jenkins-x-versions.git with ref refs/heads/master to /builder/home/.**/jenkins-x-versions
WARNING: failed to create system vault in namespace ** due to no "**-vault-**-rocks-us" vault found in namespace "**"


Updating PipelineActivities ********-croc-hunter-java-pr-28-1 which has status Running
Preview application is now available at: http://croc-hunter-java.**-********-croc-hunter-java-pr-28.us.g.csanchez.org
