
Showing logs for build [32mcarlossg-croc-hunter-java-maste-2wsq9-6[0m stage [32mfrom-build-pack[0m and container [32mstep-credential-initializer-ptn69[0m
{"level":"warn","ts":1574277571.5654194,"logger":"fallback-logger","caller":"logging/config.go:69","msg":"Fetch GitHub commit ID from kodata failed: \"ref: refs/heads/master\" is not a valid GitHub commit ID"}
{"level":"info","ts":1574277571.575148,"logger":"fallback-logger","caller":"creds-init/main.go:40","msg":"Credentials initialized."}

Showing logs for build [32mcarlossg-croc-hunter-java-maste-2wsq9-6[0m stage [32mfrom-build-pack[0m and container [32mstep-working-dir-initializer-ft5d9[0m
{"level":"warn","ts":1574277575.032183,"logger":"fallback-logger","caller":"logging/config.go:69","msg":"Fetch GitHub commit ID from kodata failed: open /var/run/ko/HEAD: no such file or directory"}
{"level":"info","ts":1574277575.0335422,"logger":"fallback-logger","caller":"bash/main.go:65","msg":"Successfully executed command \"mkdir -p /workspace/source\""}

Showing logs for build [32mcarlossg-croc-hunter-java-maste-2wsq9-6[0m stage [32mfrom-build-pack[0m and container [32mstep-place-tools[0m

Showing logs for build [32mcarlossg-croc-hunter-java-maste-2wsq9-6[0m stage [32mfrom-build-pack[0m and container [32mstep-git-source-carlossg-croc-hunter-java-maste-xk7lg[0m
{"level":"warn","ts":1574277767.8159134,"logger":"fallback-logger","caller":"logging/config.go:69","msg":"Fetch GitHub commit ID from kodata failed: \"ref: refs/heads/master\" is not a valid GitHub commit ID"}
{"level":"info","ts":1574277768.7866592,"logger":"fallback-logger","caller":"git/git.go:102","msg":"Successfully cloned https://github.com/********/croc-hunter-java.git @ v0.0.76 in path /workspace/source"}

Showing logs for build [32mcarlossg-croc-hunter-java-maste-2wsq9-6[0m stage [32mfrom-build-pack[0m and container [32mstep-git-merge[0m
Using SHAs from PULL_REFS=master:2b8abaee18e1ac5bfb53761c9b4892fcc88ceb52
WARNING: no SHAs to merge, falling back to initial cloned commit

Showing logs for build [32mcarlossg-croc-hunter-java-maste-2wsq9-6[0m stage [32mfrom-build-pack[0m and container [32mstep-setup-jx-git-credentials[0m
Generated Git credentials file /workspace/xdg_config/git/credentials

Showing logs for build [32mcarlossg-croc-hunter-java-maste-2wsq9-6[0m stage [32mfrom-build-pack[0m and container [32mstep-build-mvn-deploy[0m
Picked up _JAVA_OPTIONS: -XX:+UnlockExperimentalVMOptions -Dsun.zip.disableMemoryMapping=true -XX:+UseParallelGC -XX:MinHeapFreeRatio=5 -XX:MaxHeapFreeRatio=10 -XX:GCTimeRatio=4 -XX:AdaptiveSizePolicyWeight=90 -Xms10m -Xmx1800m
[INFO] Scanning for projects...
[INFO] 
[INFO] --------------< org.csanchez.crochunter:croc-hunter-java >--------------
[INFO] Building croc-hunter-java 0.0.76
[INFO] --------------------------------[ jar ]---------------------------------
[INFO] 
[INFO] --- maven-clean-plugin:2.5:clean (default-clean) @ croc-hunter-java ---
[INFO] 
[INFO] --- buildnumber-maven-plugin:1.4:create (default) @ croc-hunter-java ---
[INFO] Executing: /bin/sh -c cd '/workspace/source' && 'git' 'rev-parse' '--verify' 'HEAD'
[INFO] Working directory: /workspace/source
[INFO] Storing buildNumber: 60b650aa85f03f9bbe4ca7eaab2b8950c787363d at timestamp: 1574277802403
[INFO] Storing buildScmBranch: master
[INFO] 
[INFO] --- maven-resources-plugin:2.6:resources (default-resources) @ croc-hunter-java ---
[INFO] Using 'UTF-8' encoding to copy filtered resources.
[INFO] Copying 1 resource
[INFO] Copying 9 resources
[INFO] 
[INFO] --- maven-compiler-plugin:3.1:compile (default-compile) @ croc-hunter-java ---
[INFO] Changes detected - recompiling the module!
[INFO] Compiling 1 source file to /workspace/source/target/classes
[INFO] 
[INFO] --- maven-resources-plugin:2.6:testResources (default-testResources) @ croc-hunter-java ---
[INFO] Using 'UTF-8' encoding to copy filtered resources.
[INFO] skip non existing resourceDirectory /workspace/source/src/test/resources
[INFO] 
[INFO] --- maven-compiler-plugin:3.1:testCompile (default-testCompile) @ croc-hunter-java ---
[INFO] Changes detected - recompiling the module!
[INFO] Compiling 1 source file to /workspace/source/target/test-classes
[INFO] 
[INFO] --- maven-surefire-plugin:2.22.1:test (default-test) @ croc-hunter-java ---
[INFO] 
[INFO] -------------------------------------------------------
[INFO]  T E S T S
[INFO] -------------------------------------------------------
[INFO] Running org.csanchez.crochunterjava.CrocHunterJavaApplicationTests
2019-11-20 19:23:38,643 INFO  [io.qua.dep.QuarkusAugmentor] (main) Beginning quarkus augmentation
2019-11-20 19:23:40,535 INFO  [io.qua.dep.QuarkusAugmentor] (main) Quarkus augmentation completed in 1892ms
2019-11-20 19:23:41,272 INFO  [io.quarkus] (main) Quarkus 0.15.0 started in 0.704s. Listening on: http://0.0.0.0:8081
2019-11-20 19:23:41,276 INFO  [io.quarkus] (main) Installed features: [cdi, resteasy, resteasy-jsonb]
Region: us-east1-c
[INFO] Tests run: 2, Failures: 0, Errors: 0, Skipped: 0, Time elapsed: 12.592 s - in org.csanchez.crochunterjava.CrocHunterJavaApplicationTests
2019-11-20 19:23:44,984 INFO  [io.quarkus] (main) Quarkus stopped in 0.010s
[INFO] 
[INFO] Results:
[INFO] 
[INFO] Tests run: 2, Failures: 0, Errors: 0, Skipped: 0
[INFO] 
[INFO] 
[INFO] --- maven-jar-plugin:2.4:jar (default-jar) @ croc-hunter-java ---
[INFO] Building jar: /workspace/source/target/croc-hunter-java-0.0.76.jar
[INFO] 
[INFO] --- quarkus-maven-plugin:0.15.0:build (default) @ croc-hunter-java ---
[INFO] [io.quarkus.deployment.QuarkusAugmentor] Beginning quarkus augmentation
[INFO] [org.jboss.threads] JBoss Threads version 3.0.0.Beta3
[INFO] [io.quarkus.deployment.QuarkusAugmentor] Quarkus augmentation completed in 2291ms
[INFO] [io.quarkus.creator.phase.runnerjar.RunnerJarPhase] Building jar: /workspace/source/target/croc-hunter-java-0.0.76-runner.jar
[INFO] 
[INFO] --- maven-install-plugin:2.4:install (default-install) @ croc-hunter-java ---
[INFO] Installing /workspace/source/target/croc-hunter-java-0.0.76.jar to /root/.mvnrepository/org/csanchez/crochunter/croc-hunter-java/0.0.76/croc-hunter-java-0.0.76.jar
[INFO] Installing /workspace/source/pom.xml to /root/.mvnrepository/org/csanchez/crochunter/croc-hunter-java/0.0.76/croc-hunter-java-0.0.76.pom
[INFO] 
[INFO] --- maven-deploy-plugin:2.8.2:deploy (default-deploy) @ croc-hunter-java ---
[INFO] Using alternate deployment repository nexus::default::http://nexus/repository/maven-releases/
[INFO] ------------------------------------------------------------------------
[INFO] BUILD SUCCESS
[INFO] ------------------------------------------------------------------------
[INFO] Total time: 01:01 min
[INFO] Finished at: 2019-11-20T19:23:54Z
[INFO] ------------------------------------------------------------------------

Showing logs for build [32mcarlossg-croc-hunter-java-maste-2wsq9-6[0m stage [32mfrom-build-pack[0m and container [32mstep-build-skaffold-version[0m
v0.31.0

Showing logs for build [32mcarlossg-croc-hunter-java-maste-2wsq9-6[0m stage [32mfrom-build-pack[0m and container [32mstep-build-container-build[0m
[36mINFO[0m[0000] Downloading base image openjdk:11-jdk-slim   
ERROR: logging before flag.Parse: E1120 19:23:55.001967      10 metadata.go:142] while reading 'google-dockercfg' metadata: http status code: 404 while fetching url http://metadata.google.internal./computeMetadata/v1/instance/attributes/google-dockercfg
ERROR: logging before flag.Parse: E1120 19:23:55.014649      10 metadata.go:159] while reading 'google-dockercfg-url' metadata: http status code: 404 while fetching url http://metadata.google.internal./computeMetadata/v1/instance/attributes/google-dockercfg-url
2019/11/20 19:23:55 No matching credentials were found, falling back on anonymous
[36mINFO[0m[0000] Error while retrieving image from cache: getting file info: stat /workspace/sha256:fb54ed3516242995d86c53346463a3509f9baf74a9178c066bdbcc5c1bdafc66: no such file or directory 
[36mINFO[0m[0000] Downloading base image openjdk:11-jdk-slim   
2019/11/20 19:23:55 No matching credentials were found, falling back on anonymous
[36mINFO[0m[0000] cmd: EXPOSE                                  
[36mINFO[0m[0000] Adding exposed port: 8080/tcp                
[36mINFO[0m[0000] Using files from context: [/workspace/source/pom.xml /workspace/source/target/lib] 
[36mINFO[0m[0000] Using files from context: [/workspace/source/target/croc-hunter-java-0.0.76-runner.jar] 
[36mINFO[0m[0000] Skipping unpacking as no commands require it. 
[36mINFO[0m[0000] Taking snapshot of full filesystem...        
[36mINFO[0m[0000] ENV PORT 8080                                
[36mINFO[0m[0000] No files changed in this command, skipping snapshotting. 
[36mINFO[0m[0000] ENV CLASSPATH /opt/lib                       
[36mINFO[0m[0000] No files changed in this command, skipping snapshotting. 
[36mINFO[0m[0000] EXPOSE 8080                                  
[36mINFO[0m[0000] cmd: EXPOSE                                  
[36mINFO[0m[0000] Adding exposed port: 8080/tcp                
[36mINFO[0m[0000] No files changed in this command, skipping snapshotting. 
[36mINFO[0m[0000] Using files from context: [/workspace/source/pom.xml /workspace/source/target/lib] 
[36mINFO[0m[0000] COPY pom.xml target/lib* /opt/lib/           
[36mINFO[0m[0001] Taking snapshot of files...                  
[36mINFO[0m[0001] Using files from context: [/workspace/source/target/croc-hunter-java-0.0.76-runner.jar] 
[36mINFO[0m[0001] COPY target/*-runner.jar /opt/app.jar        
[36mINFO[0m[0001] Taking snapshot of files...                  
[36mINFO[0m[0001] WORKDIR /opt                                 
[36mINFO[0m[0001] cmd: workdir                                 
[36mINFO[0m[0001] Changed working directory to /opt            
[36mINFO[0m[0001] No files changed in this command, skipping snapshotting. 
[36mINFO[0m[0001] CMD ["java", "-jar", "app.jar"]              
[36mINFO[0m[0001] No files changed in this command, skipping snapshotting. 
2019/11/20 19:23:56 existing blob: sha256:8d691f585fa8cec0eba196be460cfaffd69939782d6162986c3e0c5225d54f02
2019/11/20 19:23:56 existing blob: sha256:e22147996cc08e68d0fa4d4ef9a441eaeef283ff4a2c64d1ef5e31340db246be
2019/11/20 19:23:56 existing blob: sha256:3da6fe7ff2ef0f58119eb2e8cb12c5c0b471527be95d43274b396f36fc5bbccd
2019/11/20 19:23:56 existing blob: sha256:ebc78a5f677c03a8f4aa611b558b55c4e42cf3113517ec2400695512c176d5ea
2019/11/20 19:23:57 pushed blob: sha256:d1b4b846653141c1b9d021f5827bea5bad5a7728361a8e3ed30965b3b50ac725
2019/11/20 19:23:58 pushed blob: sha256:20b0f9d73a6d1c02cb0d6776a413b7d1ad3ffb132d850336959e61f21299cd85
2019/11/20 19:23:59 pushed blob: sha256:1d209a725977827333b93b695d4d106596dc8d4c5f184411d766e191246c0a8d
2019/11/20 19:24:00 gcr.io/api-project-642841493686/croc-hunter-java:0.0.76: digest: sha256:62a28db3ddccd317d106261adebec2ef8f232b33b26a33a7da5dc617fe513b77 size: 1246

Showing logs for build [32mcarlossg-croc-hunter-java-maste-2wsq9-6[0m stage [32mfrom-build-pack[0m and container [32mstep-build-post-build[0m
no CVE provider running in the current ** namespace so skip adding image to be analysed

Showing logs for build [32mcarlossg-croc-hunter-java-maste-2wsq9-6[0m stage [32mfrom-build-pack[0m and container [32mstep-promote-changelog[0m
Converted /workspace/source/charts/croc-hunter-java to an unshallow repository
Generating change log from git ref 2c10dfcc87007322ab720ff252f106cc21bf3d35 => 60b650aa85f03f9bbe4ca7eaab2b8950c787363d
WARNING: Failed to enrich commit 2b8abaee18e1ac5bfb53761c9b4892fcc88ceb52 with issues: selected more than one user from users.jenkins.io: [******** x-0]
WARNING: Failed to enrich commit 2b8abaee18e1ac5bfb53761c9b4892fcc88ceb52 with issues: selected more than one user from users.jenkins.io: [******** x-0]
Finding issues in commit messages using git format
WARNING: No release found for ********/croc-hunter-java and tag v0.0.76 so creating a new release
Updated the release information at https://github.com/********/croc-hunter-java/releases/tag/v0.0.76
generated: /workspace/source/charts/croc-hunter-java/templates/release.yaml
Created Release croc-hunter-java-0-0-76 resource in namespace **
Updating PipelineActivity ********-croc-hunter-java-master-6 with version 0.0.76
Updated PipelineActivities ********-croc-hunter-java-master-6 with release notes URL: https://github.com/********/croc-hunter-java/releases/tag/v0.0.76

Showing logs for build [32mcarlossg-croc-hunter-java-maste-2wsq9-6[0m stage [32mfrom-build-pack[0m and container [32mstep-promote-helm-release[0m
WARNING: No $CHART_REPOSITORY defined so using the default value of: http://jenkins-x-chartmuseum:8080
Adding missing Helm repo: storage.googleapis.com https://storage.googleapis.com/chartmuseum.jenkins-x.io
Successfully added Helm repository storage.googleapis.com.
Adding missing Helm repo: jenkins-x-chartmuseum http://jenkins-x-chartmuseum:8080
Successfully added Helm repository jenkins-x-chartmuseum.
WARNING: No $CHART_REPOSITORY defined so using the default value of: http://jenkins-x-chartmuseum:8080
Uploading chart file croc-hunter-java-0.0.76.tgz to http://jenkins-x-chartmuseum:8080/api/charts
Received 201 response: {"saved":true}

Showing logs for build [32mcarlossg-croc-hunter-java-maste-2wsq9-6[0m stage [32mfrom-build-pack[0m and container [32mstep-promote-jx-promote[0m
WARNING: prow based install so skip waiting for the merge of Pull Requests to go green as currently there is an issue with gettingstatuses from the PR, see https://github.com/jenkins-x/**/issues/2410
Promoting app croc-hunter-java version 0.0.76 to namespace **-staging
Created Pull Request: https://github.com/********/environment-**-rocks-us-staging/pull/6
Pull Request https://github.com/********/environment-**-rocks-us-staging/pull/6 is merged at sha e6b7567f1a565d0ae3e3513449cb3c7dd9a31909
Pull Request merged but we are not waiting for the update pipeline to complete!
