
Showing logs for build [32mcarlossg-croc-hunter-java-maste-k8fs8-8[0m stage [32mfrom-build-pack[0m and container [32mstep-credential-initializer-swxhf[0m
{"level":"warn","ts":1574678186.3313236,"logger":"fallback-logger","caller":"logging/config.go:69","msg":"Fetch GitHub commit ID from kodata failed: \"ref: refs/heads/master\" is not a valid GitHub commit ID"}
{"level":"info","ts":1574678186.3318615,"logger":"fallback-logger","caller":"creds-init/main.go:40","msg":"Credentials initialized."}

Showing logs for build [32mcarlossg-croc-hunter-java-maste-k8fs8-8[0m stage [32mfrom-build-pack[0m and container [32mstep-working-dir-initializer-8m5rj[0m
{"level":"warn","ts":1574678189.7276802,"logger":"fallback-logger","caller":"logging/config.go:69","msg":"Fetch GitHub commit ID from kodata failed: open /var/run/ko/HEAD: no such file or directory"}
{"level":"info","ts":1574678189.729322,"logger":"fallback-logger","caller":"bash/main.go:65","msg":"Successfully executed command \"mkdir -p /workspace/source\""}

Showing logs for build [32mcarlossg-croc-hunter-java-maste-k8fs8-8[0m stage [32mfrom-build-pack[0m and container [32mstep-place-tools[0m

Showing logs for build [32mcarlossg-croc-hunter-java-maste-k8fs8-8[0m stage [32mfrom-build-pack[0m and container [32mstep-git-source-carlossg-croc-hunter-java-maste-zkt4n[0m
{"level":"warn","ts":1574678356.624358,"logger":"fallback-logger","caller":"logging/config.go:69","msg":"Fetch GitHub commit ID from kodata failed: \"ref: refs/heads/master\" is not a valid GitHub commit ID"}
{"level":"info","ts":1574678357.6338012,"logger":"fallback-logger","caller":"git/git.go:102","msg":"Successfully cloned https://github.com/********/croc-hunter-java.git @ v0.0.78 in path /workspace/source"}

Showing logs for build [32mcarlossg-croc-hunter-java-maste-k8fs8-8[0m stage [32mfrom-build-pack[0m and container [32mstep-git-merge[0m
Using SHAs from PULL_REFS=master:92d63e1fa067a7d2589bfac923716522f89c32d8
WARNING: no SHAs to merge, falling back to initial cloned commit

Showing logs for build [32mcarlossg-croc-hunter-java-maste-k8fs8-8[0m stage [32mfrom-build-pack[0m and container [32mstep-setup-jx-git-credentials[0m
Generated Git credentials file /workspace/xdg_config/git/credentials

Showing logs for build [32mcarlossg-croc-hunter-java-maste-k8fs8-8[0m stage [32mfrom-build-pack[0m and container [32mstep-build-mvn-deploy[0m
Picked up _JAVA_OPTIONS: -XX:+UnlockExperimentalVMOptions -Dsun.zip.disableMemoryMapping=true -XX:+UseParallelGC -XX:MinHeapFreeRatio=5 -XX:MaxHeapFreeRatio=10 -XX:GCTimeRatio=4 -XX:AdaptiveSizePolicyWeight=90 -Xms10m -Xmx1800m
[INFO] Scanning for projects...
[INFO] 
[INFO] --------------< org.csanchez.crochunter:croc-hunter-java >--------------
[INFO] Building croc-hunter-java 0.0.78
[INFO] --------------------------------[ jar ]---------------------------------
[INFO] 
[INFO] --- maven-clean-plugin:2.5:clean (default-clean) @ croc-hunter-java ---
[INFO] 
[INFO] --- buildnumber-maven-plugin:1.4:create (default) @ croc-hunter-java ---
[INFO] Executing: /bin/sh -c cd '/workspace/source' && 'git' 'rev-parse' '--verify' 'HEAD'
[INFO] Working directory: /workspace/source
[INFO] Storing buildNumber: d3f3e83411e611e28b3abe2c4bb4f1040409d99c at timestamp: 1574678396059
[INFO] Storing buildScmBranch: master
[INFO] 
[INFO] --- maven-resources-plugin:2.6:resources (default-resources) @ croc-hunter-java ---
[INFO] Using 'UTF-8' encoding to copy filtered resources.
[INFO] Copying 1 resource
[INFO] Copying 9 resources
[INFO] 
[INFO] --- maven-compiler-plugin:3.1:compile (default-compile) @ croc-hunter-java ---
[INFO] Changes detected - recompiling the module!
[INFO] Compiling 1 source file to /workspace/source/target/classes
[INFO] 
[INFO] --- maven-resources-plugin:2.6:testResources (default-testResources) @ croc-hunter-java ---
[INFO] Using 'UTF-8' encoding to copy filtered resources.
[INFO] skip non existing resourceDirectory /workspace/source/src/test/resources
[INFO] 
[INFO] --- maven-compiler-plugin:3.1:testCompile (default-testCompile) @ croc-hunter-java ---
[INFO] Changes detected - recompiling the module!
[INFO] Compiling 1 source file to /workspace/source/target/test-classes
[INFO] 
[INFO] --- maven-surefire-plugin:2.22.1:test (default-test) @ croc-hunter-java ---
[INFO] 
[INFO] -------------------------------------------------------
[INFO]  T E S T S
[INFO] -------------------------------------------------------
[INFO] Running org.csanchez.crochunterjava.CrocHunterJavaApplicationTests
2019-11-25 10:40:12,068 INFO  [io.qua.dep.QuarkusAugmentor] (main) Beginning quarkus augmentation
2019-11-25 10:40:13,816 INFO  [io.qua.dep.QuarkusAugmentor] (main) Quarkus augmentation completed in 1748ms
2019-11-25 10:40:14,449 INFO  [io.quarkus] (main) Quarkus 0.15.0 started in 0.613s. Listening on: http://0.0.0.0:8081
2019-11-25 10:40:14,456 INFO  [io.quarkus] (main) Installed features: [cdi, resteasy, resteasy-jsonb]
Region: us-east1-c
[INFO] Tests run: 2, Failures: 0, Errors: 0, Skipped: 0, Time elapsed: 11.716 s - in org.csanchez.crochunterjava.CrocHunterJavaApplicationTests
2019-11-25 10:40:18,165 INFO  [io.quarkus] (main) Quarkus stopped in 0.036s
[INFO] 
[INFO] Results:
[INFO] 
[INFO] Tests run: 2, Failures: 0, Errors: 0, Skipped: 0
[INFO] 
[INFO] 
[INFO] --- maven-jar-plugin:2.4:jar (default-jar) @ croc-hunter-java ---
[INFO] Building jar: /workspace/source/target/croc-hunter-java-0.0.78.jar
[INFO] 
[INFO] --- quarkus-maven-plugin:0.15.0:build (default) @ croc-hunter-java ---
[INFO] [io.quarkus.deployment.QuarkusAugmentor] Beginning quarkus augmentation
[INFO] [org.jboss.threads] JBoss Threads version 3.0.0.Beta3
[INFO] [io.quarkus.deployment.QuarkusAugmentor] Quarkus augmentation completed in 2103ms
[INFO] [io.quarkus.creator.phase.runnerjar.RunnerJarPhase] Building jar: /workspace/source/target/croc-hunter-java-0.0.78-runner.jar
[INFO] 
[INFO] --- maven-install-plugin:2.4:install (default-install) @ croc-hunter-java ---
[INFO] Installing /workspace/source/target/croc-hunter-java-0.0.78.jar to /root/.mvnrepository/org/csanchez/crochunter/croc-hunter-java/0.0.78/croc-hunter-java-0.0.78.jar
[INFO] Installing /workspace/source/pom.xml to /root/.mvnrepository/org/csanchez/crochunter/croc-hunter-java/0.0.78/croc-hunter-java-0.0.78.pom
[INFO] 
[INFO] --- maven-deploy-plugin:2.8.2:deploy (default-deploy) @ croc-hunter-java ---
[INFO] Using alternate deployment repository nexus::default::http://nexus/repository/maven-releases/
[INFO] ------------------------------------------------------------------------
[INFO] BUILD SUCCESS
[INFO] ------------------------------------------------------------------------
[INFO] Total time: 01:04 min
[INFO] Finished at: 2019-11-25T10:40:27Z
[INFO] ------------------------------------------------------------------------

Showing logs for build [32mcarlossg-croc-hunter-java-maste-k8fs8-8[0m stage [32mfrom-build-pack[0m and container [32mstep-build-skaffold-version[0m
v0.31.0

Showing logs for build [32mcarlossg-croc-hunter-java-maste-k8fs8-8[0m stage [32mfrom-build-pack[0m and container [32mstep-build-container-build[0m
[36mINFO[0m[0000] Downloading base image openjdk:11-jdk-slim   
ERROR: logging before flag.Parse: E1125 10:40:28.036966      10 metadata.go:142] while reading 'google-dockercfg' metadata: http status code: 404 while fetching url http://metadata.google.internal./computeMetadata/v1/instance/attributes/google-dockercfg
ERROR: logging before flag.Parse: E1125 10:40:28.042671      10 metadata.go:159] while reading 'google-dockercfg-url' metadata: http status code: 404 while fetching url http://metadata.google.internal./computeMetadata/v1/instance/attributes/google-dockercfg-url
2019/11/25 10:40:28 No matching credentials were found, falling back on anonymous
[36mINFO[0m[0000] Error while retrieving image from cache: getting file info: stat /workspace/sha256:ee1e2dac3e3892eb73a0f2afb7a3c2e4221c1973a20a2a11f89372e1a9737f78: no such file or directory 
[36mINFO[0m[0000] Downloading base image openjdk:11-jdk-slim   
2019/11/25 10:40:28 No matching credentials were found, falling back on anonymous
[36mINFO[0m[0000] cmd: EXPOSE                                  
[36mINFO[0m[0000] Adding exposed port: 8080/tcp                
[36mINFO[0m[0000] Using files from context: [/workspace/source/pom.xml /workspace/source/target/lib] 
[36mINFO[0m[0000] Using files from context: [/workspace/source/target/croc-hunter-java-0.0.78-runner.jar] 
[36mINFO[0m[0000] Skipping unpacking as no commands require it. 
[36mINFO[0m[0000] Taking snapshot of full filesystem...        
[36mINFO[0m[0000] ENV PORT 8080                                
[36mINFO[0m[0000] No files changed in this command, skipping snapshotting. 
[36mINFO[0m[0000] ENV CLASSPATH /opt/lib                       
[36mINFO[0m[0000] No files changed in this command, skipping snapshotting. 
[36mINFO[0m[0000] EXPOSE 8080                                  
[36mINFO[0m[0000] cmd: EXPOSE                                  
[36mINFO[0m[0000] Adding exposed port: 8080/tcp                
[36mINFO[0m[0000] No files changed in this command, skipping snapshotting. 
[36mINFO[0m[0000] Using files from context: [/workspace/source/pom.xml /workspace/source/target/lib] 
[36mINFO[0m[0000] COPY pom.xml target/lib* /opt/lib/           
[36mINFO[0m[0000] Taking snapshot of files...                  
[36mINFO[0m[0001] Using files from context: [/workspace/source/target/croc-hunter-java-0.0.78-runner.jar] 
[36mINFO[0m[0001] COPY target/*-runner.jar /opt/app.jar        
[36mINFO[0m[0001] Taking snapshot of files...                  
[36mINFO[0m[0001] WORKDIR /opt                                 
[36mINFO[0m[0001] cmd: workdir                                 
[36mINFO[0m[0001] Changed working directory to /opt            
[36mINFO[0m[0001] No files changed in this command, skipping snapshotting. 
[36mINFO[0m[0001] CMD ["java", "-jar", "app.jar"]              
[36mINFO[0m[0001] No files changed in this command, skipping snapshotting. 
2019/11/25 10:40:29 existing blob: sha256:2f1dc2bdcfe193ce54affa45170354ca76667c40f8cf536b6282dd379e17e24a
2019/11/25 10:40:29 existing blob: sha256:000eee12ec04cc914bf96e8f5dee7767510c2aca3816af6078bd9fbe3150920c
2019/11/25 10:40:29 existing blob: sha256:f07f2491aafdea4d18ad37f822659c76f585ab92a164d35b7a52bc1f7651d53a
2019/11/25 10:40:29 existing blob: sha256:eec880363624c27ef6cc7e146eb42bb15e84efbfe8f365f8ed8718804b44c61b
2019/11/25 10:40:31 pushed blob: sha256:fdfc73465cd55150c2a9c698bf6d83fb9c6c52f0192b25cd354d4e937e55b9b1
2019/11/25 10:40:31 pushed blob: sha256:116126626305405a9beb6b4f57f52e97224df48735c7eeb509e2e8bc81bef27f
2019/11/25 10:40:31 pushed blob: sha256:f1aa0a425a52d3595a84770471dd2f9e27fde423213928fa4036be60f1e724c3
2019/11/25 10:40:31 gcr.io/api-project-642841493686/croc-hunter-java:0.0.78: digest: sha256:e14ea56492eee85cc3a606e667dc19e51d2776392af8b215e6c06b6ff0cffb06 size: 1246

Showing logs for build [32mcarlossg-croc-hunter-java-maste-k8fs8-8[0m stage [32mfrom-build-pack[0m and container [32mstep-build-post-build[0m
no CVE provider running in the current ** namespace so skip adding image to be analysed

Showing logs for build [32mcarlossg-croc-hunter-java-maste-k8fs8-8[0m stage [32mfrom-build-pack[0m and container [32mstep-promote-changelog[0m
Converted /workspace/source/charts/croc-hunter-java to an unshallow repository
Generating change log from git ref b05fec42054268c4b056486037995324e45d79f5 => d3f3e83411e611e28b3abe2c4bb4f1040409d99c
WARNING: Failed to enrich commit 92d63e1fa067a7d2589bfac923716522f89c32d8 with issues: selected more than one user from users.jenkins.io: [******** x-0]
WARNING: Failed to enrich commit 92d63e1fa067a7d2589bfac923716522f89c32d8 with issues: selected more than one user from users.jenkins.io: [******** x-0]
Finding issues in commit messages using git format
WARNING: No release found for ********/croc-hunter-java and tag v0.0.78 so creating a new release
Updated the release information at https://github.com/********/croc-hunter-java/releases/tag/v0.0.78
generated: /workspace/source/charts/croc-hunter-java/templates/release.yaml
Created Release croc-hunter-java-0-0-78 resource in namespace **
Updating PipelineActivity ********-croc-hunter-java-master-8 with version 0.0.78
Updated PipelineActivities ********-croc-hunter-java-master-8 with release notes URL: https://github.com/********/croc-hunter-java/releases/tag/v0.0.78

Showing logs for build [32mcarlossg-croc-hunter-java-maste-k8fs8-8[0m stage [32mfrom-build-pack[0m and container [32mstep-promote-helm-release[0m
WARNING: No $CHART_REPOSITORY defined so using the default value of: http://jenkins-x-chartmuseum:8080
Adding missing Helm repo: storage.googleapis.com https://storage.googleapis.com/chartmuseum.jenkins-x.io
Successfully added Helm repository storage.googleapis.com.
Adding missing Helm repo: jenkins-x-chartmuseum http://jenkins-x-chartmuseum:8080
Successfully added Helm repository jenkins-x-chartmuseum.
WARNING: No $CHART_REPOSITORY defined so using the default value of: http://jenkins-x-chartmuseum:8080
Uploading chart file croc-hunter-java-0.0.78.tgz to http://jenkins-x-chartmuseum:8080/api/charts
Received 201 response: {"saved":true}

Showing logs for build [32mcarlossg-croc-hunter-java-maste-k8fs8-8[0m stage [32mfrom-build-pack[0m and container [32mstep-promote-jx-promote[0m
WARNING: prow based install so skip waiting for the merge of Pull Requests to go green as currently there is an issue with gettingstatuses from the PR, see https://github.com/jenkins-x/**/issues/2410
Promoting app croc-hunter-java version 0.0.78 to namespace **-staging
Created Pull Request: https://github.com/********/environment-**-rocks-us-staging/pull/8
Pull Request https://github.com/********/environment-**-rocks-us-staging/pull/8 is merged at sha f549b2e5fc15820816577c1724295a9d9a40e2da
Pull Request merged but we are not waiting for the update pipeline to complete!
